INFO:root:Ran with args:('Susi', 2),and kwargs:{}
INFO:root:Ran with args:('Ragu', 29),and kwargs:{}
INFO:root:Ran with args:('Loki', 26),and kwargs:{}
INFO:root:Ran with args:('Paru', 46),and kwargs:{}
INFO:root:Ran with args:('Ravi', 52),and kwargs:{}
INFO:root:Ran with args:('Susi', 2),and kwargs:{}
INFO:root:Ran with args:('Susi', 2),and kwargs:{}
INFO:root:Ran with args:('Susi', 2),and kwargs:{}
INFO:root:Ran with args:('Susi', 2),and kwargs:{}
INFO:root:Ran with args:('Susi', 2),and kwargs:{}
INFO:root:Ran with args:('Susi', 2),and kwargs:{}
INFO:root:Ran with args:('Susi', 2),and kwargs:{}
INFO:root:Ran with args:('Susi', 2),and kwargs:{}
INFO:root:Ran with args:('Susi', 2),and kwargs:{}
INFO:root:Ran with args:('Susi', 2),and kwargs:{}
INFO:root:Ran with args:('Susi', 2),and kwargs:{}
INFO:root:Ran with args:('Susi', 2),and kwargs:{}
INFO:root:Ran with args:('Susi', 2),and kwargs:{}
INFO:root:Ran with args:('Susi', 2),and kwargs:{}
INFO:root:Ran with args:('Susi', 2),and kwargs:{}
INFO:root:Ran with args:('Susi', 2),and kwargs:{}
INFO:root:Ran with args:('Susi', 2),and kwargs:{}
INFO:root:Ran with args:('Susi', 2),and kwargs:{}
